<?xml version="1.0" encoding="UTF-8"?>
<!-- Generated by org.testng.reporters.JUnitReportReporter -->
<testsuite hostname="SHRAVAN" failures="0" tests="1" name="qaclickacademy.readConfigTest" time="0.013" errors="0" timestamp="2022-07-13T18:51:42 IST" skipped="0">
  <testcase classname="qaclickacademy.readConfigTest" name="test1" time="0.013"/>
  <system-out/>
</testsuite> <!-- qaclickacademy.readConfigTest -->
