<?xml version="1.0" encoding="UTF-8"?>
<!-- Generated by org.testng.reporters.JUnitReportReporter -->
<testsuite hostname="SHRAVAN" failures="0" tests="1" name="qaclickacademy.CSVDemo" time="0.032" errors="0" timestamp="2022-07-15T13:11:36 IST" skipped="0">
  <testcase classname="qaclickacademy.CSVDemo" name="dataRead_CSV" time="0.032"/>
  <system-out/>
</testsuite> <!-- qaclickacademy.CSVDemo -->
