<?xml version="1.0" encoding="UTF-8"?>
<!-- Generated by org.testng.reporters.JUnitReportReporter -->
<testsuite hostname="SHRAVAN" failures="0" tests="1" name="qaclickacademy.timeTest" time="0.232" errors="0" timestamp="2022-07-18T20:07:49 IST" skipped="0">
  <testcase classname="qaclickacademy.timeTest" name="method1" time="0.232"/>
  <system-out/>
</testsuite> <!-- qaclickacademy.timeTest -->
