<?xml version="1.0" encoding="UTF-8"?>
<!-- Generated by org.testng.reporters.JUnitReportReporter -->
<testsuite hostname="SHRAVAN" failures="0" tests="1" name="qaclickacademy.ExtentReportTest" time="11.735" errors="0" timestamp="2022-07-18T20:13:05 IST" skipped="0">
  <testcase classname="qaclickacademy.ExtentReportTest" name="configMethod" time="11.735"/>
  <system-out/>
</testsuite> <!-- qaclickacademy.ExtentReportTest -->
