<?xml version="1.0" encoding="UTF-8"?>
<!-- Generated by org.testng.reporters.JUnitReportReporter -->
<testsuite hostname="SHRAVAN" failures="0" tests="1" name="qaclickacademy.ExtentReportTest2" time="1.404" errors="0" timestamp="2022-07-13T18:34:52 IST" skipped="0">
  <testcase classname="qaclickacademy.ExtentReportTest2" name="initialDemo" time="1.404"/>
  <system-out/>
</testsuite> <!-- qaclickacademy.ExtentReportTest2 -->
