<?xml version="1.0" encoding="UTF-8"?>
<!-- Generated by org.testng.reporters.JUnitReportReporter -->
<testsuite hostname="SHRAVAN" failures="0" tests="1" name="qaclickacademy.pagination" time="21.796" errors="0" timestamp="2022-07-21T13:41:55 IST" skipped="0">
  <testcase classname="qaclickacademy.pagination" name="paginationTest" time="21.796"/>
  <system-out/>
</testsuite> <!-- qaclickacademy.pagination -->
