<?xml version="1.0" encoding="UTF-8"?>
<!-- Generated by org.testng.reporters.JUnitReportReporter -->
<testsuite hostname="SHRAVAN" failures="0" tests="1" name="qaclickacademy.excelTest" time="1.434" errors="0" timestamp="2022-07-13T14:57:58 IST" skipped="0">
  <testcase classname="qaclickacademy.excelTest" name="excelGetData" time="1.434"/>
  <system-out/>
</testsuite> <!-- qaclickacademy.excelTest -->
